生成启动时间为 2016/2/3 10:37:35。
     1>项目“E:\WorkSpace\vs\maya\Server.vcxproj”在节点 2 上(Rebuild 个目标)。
     1>ClCompile:
         C:\Program Files (x86)\Microsoft Visual Studio 11.0\VC\bin\CL.exe /c /ZI /nologo /W3 /WX- /Od /Oy- /D WIN32 /D _DEBUG /D _WINDOWS /D _CRT_SECURE_NO_DEPRECATE /D _VC80_UPGRADE=0x0710 /D _MBCS /D _ATL_STATIC_REGISTRY /Gm- /EHsc /RTC1 /MTd /GS /fp:precise /Zc:wchar_t /Zc:forScope /Yc"stdafx.h" /Fp".\Debug/Server.pch" /Fo".\Debug/" /Fd".\Debug/vc110.pdb" /FR".\Debug\\" /Gd /TP /analyze- /errorReport:prompt StdAfx.cpp
         StdAfx.cpp
         C:\Program Files (x86)\Microsoft Visual Studio 11.0\VC\bin\CL.exe /c /ZI /nologo /W3 /WX- /Od /Oy- /D WIN32 /D _DEBUG /D _WINDOWS /D _CRT_SECURE_NO_DEPRECATE /D _VC80_UPGRADE=0x0710 /D _MBCS /D _ATL_STATIC_REGISTRY /Gm- /EHsc /RTC1 /MTd /GS /fp:precise /Zc:wchar_t /Zc:forScope /Yu"stdafx.h" /Fp".\Debug/Server.pch" /Fo".\Debug/" /Fd".\Debug/vc110.pdb" /FR".\Debug\\" /Gd /TP /analyze- /errorReport:prompt AccessoriUpTable.cpp AccessoriUpTableSet.cpp AddEventItemTableSet.cpp BoxEventTable.cpp BoxEventTableSet.cpp BufferEx.cpp CBSocket.cpp CELL.cpp CircularBuffer.cpp CityNpcTableSet.cpp COM.cpp Compress.cpp DBItemInfo.cpp DGbanInfo.cpp DNTable.cpp DNTableSet.cpp DressingSet.cpp EBodyIdentifyTable.cpp EBodyIdentifyTableSet.cpp EBodyStoreSet.cpp EBodyTable.cpp EBodyTableSet.cpp EBodyUpgradeTable.cpp EBodyUpgradeTableSet.cpp ErrorLog.cpp EVENT.cpp EVENT_DATA.cpp EventBlockingTable.cpp EventItemNew.cpp EventItemTable.cpp EventItemTableSet.cpp EventZone.cpp EXEC.cpp global.cpp Guild.cpp GuildFortress.cpp GuildFortressSet.cpp GuildFortressTaxSet.cpp GuildHouse.cpp GuildHouseRankSet.cpp GuildHouseSet.cpp GuildHouseWar.cpp GuildMapInfoSet.cpp GuildMapInfoTable.cpp GuildStoreSet.cpp GuildStoreTable.cpp GuildUser.cpp HuanshiTable.cpp HuanshiTableSet.cpp Hyper.cpp InitItemTableSet.cpp IOCPBASE.CPP IOCPSocket.cpp Item.cpp ItemTable.cpp ItemTableSet.cpp Kaixiangzi.cpp LevelUpTable.cpp LevelUpTableSet.cpp LOGIC.cpp LOGIC_ELSE.cpp MagicItemTable.cpp MagicItemTableSet.cpp MAP.cpp MechanicStoreSet.cpp MemUser.cpp MESSAGE.cpp MonsterPsiSet.cpp MyDB.cpp Npc.cpp NpcChat.cpp NpcChatSet.cpp NpcItem.cpp NpcItemSet.cpp NpcPosSet.cpp NpcSayEventSet.cpp NpcSayTable.cpp NpcTable.cpp NpcTableSet.cpp NpcThread.cpp OnlineShop.cpp PAMAExp.cpp PAMAExpSet.cpp Path.cpp PathFind.cpp PoolBase.cpp PsiStoreSet.cpp PsiTable.cpp PsiTableSet.cpp Recover.cpp RecoverRate.cpp RecoverRateSet.cpp RecoverSet.cpp Remodeling02TableSet.cpp Remodeling03TableSet.cpp RemodelingTable.cpp RemodelingTableSet.cpp RMBExchangeShop.cpp RoyalRumble.cpp RoyalRumbleUser.cpp Search.cpp Server.cpp ServerDlg.cpp ServerDlg2.cpp SERVERINFO.cpp SharedMemory.cpp SharedQueue.cpp ShopSystem.cpp sinstance.cpp SkillTable.cpp SkillTableSet.cpp SocketManager.cpp SResourceArray.cpp SSocket.cpp Store.cpp StoreRepairSet.cpp StoreSellSet.cpp StoreSet.cpp SummonTable.cpp SxOnlineShop.cpp TableItem.cpp ThrowItem.cpp TownPotalTableSet.cpp UNI_CHAR.cpp UResourceArray.cpp USER.cpp USER2.cpp UserLevelUpSet.cpp UserLevelUpTable.cpp UserManager.cpp ValItemTable.cpp ValItemTableSet.cpp VirtualRoom.cpp YhuoIni.cpp ZoneInfoSet.cpp
         AccessoriUpTable.cpp
         AccessoriUpTableSet.cpp
         AddEventItemTableSet.cpp
         BoxEventTable.cpp
         BoxEventTableSet.cpp
         BufferEx.cpp
         CBSocket.cpp
         CELL.cpp
         CircularBuffer.cpp
         CityNpcTableSet.cpp
         COM.cpp
         Compress.cpp
         DBItemInfo.cpp
         DGbanInfo.cpp
         DNTable.cpp
         DNTableSet.cpp
         DressingSet.cpp
         EBodyIdentifyTable.cpp
         EBodyIdentifyTableSet.cpp
         EBodyStoreSet.cpp
         正在生成代码...
         正在编译...
         EBodyTable.cpp
         EBodyTableSet.cpp
         EBodyUpgradeTable.cpp
         EBodyUpgradeTableSet.cpp
         ErrorLog.cpp
         EVENT.cpp
         EVENT_DATA.cpp
         EventBlockingTable.cpp
         EventItemNew.cpp
         EventItemTable.cpp
         EventItemTableSet.cpp
         EventZone.cpp
         EXEC.cpp
         global.cpp
         Guild.cpp
         GuildFortress.cpp
         GuildFortressSet.cpp
         GuildFortressTaxSet.cpp
         GuildHouse.cpp
         GuildHouseRankSet.cpp
         正在生成代码...
         正在编译...
         GuildHouseSet.cpp
         GuildHouseWar.cpp
         GuildMapInfoSet.cpp
         GuildMapInfoTable.cpp
         GuildStoreSet.cpp
         GuildStoreTable.cpp
         GuildUser.cpp
         HuanshiTable.cpp
         HuanshiTableSet.cpp
         Hyper.cpp
         InitItemTableSet.cpp
         IOCPBASE.CPP
         IOCPSocket.cpp
         Item.cpp
         ItemTable.cpp
         ItemTableSet.cpp
         Kaixiangzi.cpp
         LevelUpTable.cpp
         LevelUpTableSet.cpp
         LOGIC.cpp
         正在生成代码...
         正在编译...
         LOGIC_ELSE.cpp
         MagicItemTable.cpp
         MagicItemTableSet.cpp
         MAP.cpp
         MechanicStoreSet.cpp
         MemUser.cpp
         MESSAGE.cpp
         MonsterPsiSet.cpp
         MyDB.cpp
         Npc.cpp
         NpcChat.cpp
         NpcChatSet.cpp
         NpcItem.cpp
         NpcItemSet.cpp
         NpcPosSet.cpp
         NpcSayEventSet.cpp
         NpcSayTable.cpp
         NpcTable.cpp
         NpcTableSet.cpp
         NpcThread.cpp
         正在生成代码...
         正在编译...
         OnlineShop.cpp
         PAMAExp.cpp
         PAMAExpSet.cpp
         Path.cpp
         PathFind.cpp
         PoolBase.cpp
         PsiStoreSet.cpp
         PsiTable.cpp
         PsiTableSet.cpp
         Recover.cpp
         RecoverRate.cpp
         RecoverRateSet.cpp
         RecoverSet.cpp
         Remodeling02TableSet.cpp
         Remodeling03TableSet.cpp
         RemodelingTable.cpp
         RemodelingTableSet.cpp
         RMBExchangeShop.cpp
         RoyalRumble.cpp
         RoyalRumbleUser.cpp
         正在生成代码...
         正在编译...
         Search.cpp
         Server.cpp
         ServerDlg.cpp
         ServerDlg2.cpp
         SERVERINFO.cpp
         SharedMemory.cpp
         SharedQueue.cpp
         ShopSystem.cpp
         sinstance.cpp
         SkillTable.cpp
         SkillTableSet.cpp
         SocketManager.cpp
         SResourceArray.cpp
         SSocket.cpp
         Store.cpp
         StoreRepairSet.cpp
         StoreSellSet.cpp
         StoreSet.cpp
         SummonTable.cpp
         SxOnlineShop.cpp
         正在生成代码...
         正在编译...
         TableItem.cpp
         ThrowItem.cpp
         TownPotalTableSet.cpp
         UNI_CHAR.cpp
         UResourceArray.cpp
         USER.cpp
         USER2.cpp
         UserLevelUpSet.cpp
         UserLevelUpTable.cpp
         UserManager.cpp
         ValItemTable.cpp
         ValItemTableSet.cpp
         VirtualRoom.cpp
         YhuoIni.cpp
         ZoneInfoSet.cpp
         正在生成代码...
       ResourceCompile:
         C:\Program Files (x86)\Windows Kits\8.0\bin\x86\rc.exe /D _DEBUG /D _VC80_UPGRADE=0x0710 /l"0x0804" /nologo /fo".\Debug\Server.res" Server.rc 
       Link:
         C:\Program Files (x86)\Microsoft Visual Studio 11.0\VC\bin\link.exe /ERRORREPORT:PROMPT /OUT:"C:\wenjian\srverr\server.exe" /INCREMENTAL /NOLOGO ws2_32.lib ./LibsIncs/JvCryptionD.lib /NODEFAULTLIB:LIBC /NODEFAULTLIB:LIBCD.lib /MANIFEST /MANIFESTUAC:"level='asInvoker' uiAccess='false'" /manifest:embed /manifestinput:"C:\Program Files (x86)\Microsoft Visual Studio 11.0\VC\Include\Manifest\dpiaware.manifest" /DEBUG /PDB:".\Debug/Server.pdb" /SUBSYSTEM:WINDOWS /TLBID:1 /DYNAMICBASE:NO /IMPLIB:"C:\wenjian\srverr\Server.lib" /MACHINE:X86 /CLRTHREADATTRIBUTE:MTA /SAFESEH .\Debug\Server.res
         .\Debug/AccessoriUpTable.obj
         .\Debug/AccessoriUpTableSet.obj
         .\Debug/AddEventItemTableSet.obj
         .\Debug/BoxEventTable.obj
         .\Debug/BoxEventTableSet.obj
         .\Debug/BufferEx.obj
         .\Debug/CBSocket.obj
         .\Debug/CELL.obj
         .\Debug/CircularBuffer.obj
         .\Debug/CityNpcTableSet.obj
         .\Debug/COM.obj
         .\Debug/Compress.obj
         .\Debug/DBItemInfo.obj
         .\Debug/DGbanInfo.obj
         .\Debug/DNTable.obj
         .\Debug/DNTableSet.obj
         .\Debug/DressingSet.obj
         .\Debug/EBodyIdentifyTable.obj
         .\Debug/EBodyIdentifyTableSet.obj
         .\Debug/EBodyStoreSet.obj
         .\Debug/EBodyTable.obj
         .\Debug/EBodyTableSet.obj
         .\Debug/EBodyUpgradeTable.obj
         .\Debug/EBodyUpgradeTableSet.obj
         .\Debug/ErrorLog.obj
         .\Debug/EVENT.obj
         .\Debug/EVENT_DATA.obj
         .\Debug/EventBlockingTable.obj
         .\Debug/EventItemNew.obj
         .\Debug/EventItemTable.obj
         .\Debug/EventItemTableSet.obj
         .\Debug/EventZone.obj
         .\Debug/EXEC.obj
         .\Debug/global.obj
         .\Debug/Guild.obj
         .\Debug/GuildFortress.obj
         .\Debug/GuildFortressSet.obj
         .\Debug/GuildFortressTaxSet.obj
         .\Debug/GuildHouse.obj
         .\Debug/GuildHouseRankSet.obj
         .\Debug/GuildHouseSet.obj
         .\Debug/GuildHouseWar.obj
         .\Debug/GuildMapInfoSet.obj
         .\Debug/GuildMapInfoTable.obj
         .\Debug/GuildStoreSet.obj
         .\Debug/GuildStoreTable.obj
         .\Debug/GuildUser.obj
         .\Debug/HuanshiTable.obj
         .\Debug/HuanshiTableSet.obj
         .\Debug/Hyper.obj
         .\Debug/InitItemTableSet.obj
         .\Debug/IOCPBASE.obj
         .\Debug/IOCPSocket.obj
         .\Debug/Item.obj
         .\Debug/ItemTable.obj
         .\Debug/ItemTableSet.obj
         .\Debug/Kaixiangzi.obj
         .\Debug/LevelUpTable.obj
         .\Debug/LevelUpTableSet.obj
         .\Debug/LOGIC.obj
         .\Debug/LOGIC_ELSE.obj
         .\Debug/MagicItemTable.obj
         .\Debug/MagicItemTableSet.obj
         .\Debug/MAP.obj
         .\Debug/MechanicStoreSet.obj
         .\Debug/MemUser.obj
         .\Debug/MESSAGE.obj
         .\Debug/MonsterPsiSet.obj
         .\Debug/MyDB.obj
         .\Debug/Npc.obj
         .\Debug/NpcChat.obj
         .\Debug/NpcChatSet.obj
         .\Debug/NpcItem.obj
         .\Debug/NpcItemSet.obj
         .\Debug/NpcPosSet.obj
         .\Debug/NpcSayEventSet.obj
         .\Debug/NpcSayTable.obj
         .\Debug/NpcTable.obj
         .\Debug/NpcTableSet.obj
         .\Debug/NpcThread.obj
         .\Debug/OnlineShop.obj
         .\Debug/PAMAExp.obj
         .\Debug/PAMAExpSet.obj
         .\Debug/Path.obj
         .\Debug/PathFind.obj
         .\Debug/PoolBase.obj
         .\Debug/PsiStoreSet.obj
         .\Debug/PsiTable.obj
         .\Debug/PsiTableSet.obj
         .\Debug/Recover.obj
         .\Debug/RecoverRate.obj
         .\Debug/RecoverRateSet.obj
         .\Debug/RecoverSet.obj
         .\Debug/Remodeling02TableSet.obj
         .\Debug/Remodeling03TableSet.obj
         .\Debug/RemodelingTable.obj
         .\Debug/RemodelingTableSet.obj
         .\Debug/RMBExchangeShop.obj
         .\Debug/RoyalRumble.obj
         .\Debug/RoyalRumbleUser.obj
         .\Debug/Search.obj
         .\Debug/Server.obj
         .\Debug/ServerDlg.obj
         .\Debug/ServerDlg2.obj
         .\Debug/SERVERINFO.obj
         .\Debug/SharedMemory.obj
         .\Debug/SharedQueue.obj
         .\Debug/ShopSystem.obj
         .\Debug/sinstance.obj
         .\Debug/SkillTable.obj
         .\Debug/SkillTableSet.obj
         .\Debug/SocketManager.obj
         .\Debug/SResourceArray.obj
         .\Debug/SSocket.obj
         .\Debug/StdAfx.obj
         .\Debug/Store.obj
         .\Debug/StoreRepairSet.obj
         .\Debug/StoreSellSet.obj
         .\Debug/StoreSet.obj
         .\Debug/SummonTable.obj
         .\Debug/SxOnlineShop.obj
         .\Debug/TableItem.obj
         .\Debug/ThrowItem.obj
         .\Debug/TownPotalTableSet.obj
         .\Debug/UNI_CHAR.obj
         .\Debug/UResourceArray.obj
         .\Debug/USER.obj
         .\Debug/USER2.obj
         .\Debug/UserLevelUpSet.obj
         .\Debug/UserLevelUpTable.obj
         .\Debug/UserManager.obj
         .\Debug/ValItemTable.obj
         .\Debug/ValItemTableSet.obj
         .\Debug/VirtualRoom.obj
         .\Debug/YhuoIni.obj
         .\Debug/ZoneInfoSet.obj
         IMPLODE.LIB
     1>AccessoriUpTable.obj : warning LNK4075: 忽略“/EDITANDCONTINUE”(由于“/SAFESEH”规范)
     1>IMPLODE.LIB(implode.obj) : error LNK2026: 模块对于 SAFESEH 映像是不安全的。
     1>IMPLODE.LIB(explode.obj) : error LNK2026: 模块对于 SAFESEH 映像是不安全的。
     1>IMPLODE.LIB(crc32.obj) : error LNK2026: 模块对于 SAFESEH 映像是不安全的。
     1>C:\wenjian\srverr\server.exe : fatal error LNK1281: 无法生成 SAFESEH 映像。
     1>已完成生成项目“E:\WorkSpace\vs\maya\Server.vcxproj”(Rebuild 个目标)的操作 - 失败。

生成失败。

已用时间 00:00:18.93
